[2026-05-10T16:39:11Z] 🚀 Cleanup daemon started (PID: 2693)
[2026-05-10T16:39:11Z] 🔍 Scanning environments...
[2026-05-10T16:39:12Z] ⏰ ENV env-testapp-1778430389 has expired (TTL: 300s) — destroying...
[2026-05-10T16:39:14Z] ✅ ENV env-testapp-1778430389 destroyed
[2026-05-10T16:39:14Z] 😴 Sleeping 60 seconds...
[2026-05-10T16:40:14Z] 🔍 Scanning environments...
[2026-05-10T16:40:14Z] 📭 No active environments
[2026-05-10T16:40:14Z] 😴 Sleeping 60 seconds...
[2026-05-10T16:41:14Z] 🔍 Scanning environments...
[2026-05-10T16:41:15Z] 📭 No active environments
[2026-05-10T16:41:15Z] 😴 Sleeping 60 seconds...
[2026-05-10T16:42:04Z] 🚀 Cleanup daemon started (PID: 2832)
[2026-05-10T16:42:04Z] 🔍 Scanning environments...
[2026-05-10T16:42:04Z] 📭 No active environments
[2026-05-10T16:42:04Z] 😴 Sleeping 60 seconds...
[2026-05-10T16:42:15Z] 🔍 Scanning environments...
[2026-05-10T16:42:15Z] 📭 No active environments
[2026-05-10T16:42:15Z] 😴 Sleeping 60 seconds...
[2026-05-10T16:43:04Z] 🔍 Scanning environments...
[2026-05-10T16:43:04Z] 📭 No active environments
[2026-05-10T16:43:04Z] 😴 Sleeping 60 seconds...
[2026-05-10T16:43:15Z] 🔍 Scanning environments...
[2026-05-10T16:43:15Z] 📭 No active environments
[2026-05-10T16:43:15Z] 😴 Sleeping 60 seconds...
[2026-05-10T16:44:04Z] 🔍 Scanning environments...
[2026-05-10T16:44:04Z] 📭 No active environments
[2026-05-10T16:44:04Z] 😴 Sleeping 60 seconds...
[2026-05-10T16:44:15Z] 🔍 Scanning environments...
[2026-05-10T16:44:15Z] 📭 No active environments
[2026-05-10T16:44:15Z] 😴 Sleeping 60 seconds...
[2026-05-10T16:45:04Z] 🔍 Scanning environments...
[2026-05-10T16:45:04Z] 📭 No active environments
[2026-05-10T16:45:04Z] 😴 Sleeping 60 seconds...
[2026-05-10T16:45:15Z] 🔍 Scanning environments...
[2026-05-10T16:45:15Z] 📭 No active environments
[2026-05-10T16:45:15Z] 😴 Sleeping 60 seconds...
[2026-05-10T16:46:05Z] 🔍 Scanning environments...
[2026-05-10T16:46:05Z] 📭 No active environments
[2026-05-10T16:46:05Z] 😴 Sleeping 60 seconds...
[2026-05-10T16:46:15Z] 🔍 Scanning environments...
[2026-05-10T16:46:15Z] 📭 No active environments
[2026-05-10T16:46:15Z] 😴 Sleeping 60 seconds...
[2026-05-10T16:47:05Z] 🔍 Scanning environments...
[2026-05-10T16:47:05Z] 📭 No active environments
[2026-05-10T16:47:05Z] 😴 Sleeping 60 seconds...
[2026-05-10T16:47:15Z] 🔍 Scanning environments...
[2026-05-10T16:47:15Z] 📭 No active environments
[2026-05-10T16:47:15Z] 😴 Sleeping 60 seconds...
[2026-05-10T16:48:05Z] 🔍 Scanning environments...
[2026-05-10T16:48:05Z] 📭 No active environments
[2026-05-10T16:48:05Z] 😴 Sleeping 60 seconds...
[2026-05-10T16:48:15Z] 🔍 Scanning environments...
[2026-05-10T16:48:15Z] 📭 No active environments
[2026-05-10T16:48:15Z] 😴 Sleeping 60 seconds...
[2026-05-10T16:49:05Z] 🔍 Scanning environments...
[2026-05-10T16:49:05Z] 📭 No active environments
[2026-05-10T16:49:05Z] 😴 Sleeping 60 seconds...
[2026-05-10T16:49:15Z] 🔍 Scanning environments...
[2026-05-10T16:49:16Z] 📭 No active environments
[2026-05-10T16:49:16Z] 😴 Sleeping 60 seconds...
[2026-05-10T16:50:05Z] 🔍 Scanning environments...
[2026-05-10T16:50:05Z] 📭 No active environments
[2026-05-10T16:50:05Z] 😴 Sleeping 60 seconds...
[2026-05-10T16:50:16Z] 🔍 Scanning environments...
[2026-05-10T16:50:16Z] 📭 No active environments
[2026-05-10T16:50:16Z] 😴 Sleeping 60 seconds...
[2026-05-10T16:51:05Z] 🔍 Scanning environments...
[2026-05-10T16:51:05Z] 📭 No active environments
[2026-05-10T16:51:05Z] 😴 Sleeping 60 seconds...
[2026-05-10T16:51:16Z] 🔍 Scanning environments...
[2026-05-10T16:51:16Z] 📭 No active environments
[2026-05-10T16:51:16Z] 😴 Sleeping 60 seconds...
[2026-05-10T16:52:05Z] 🔍 Scanning environments...
[2026-05-10T16:52:05Z] 📭 No active environments
[2026-05-10T16:52:05Z] 😴 Sleeping 60 seconds...
[2026-05-10T16:52:16Z] 🔍 Scanning environments...
[2026-05-10T16:52:16Z] 📭 No active environments
[2026-05-10T16:52:16Z] 😴 Sleeping 60 seconds...
[2026-05-10T16:53:05Z] 🔍 Scanning environments...
[2026-05-10T16:53:05Z] 📭 No active environments
[2026-05-10T16:53:05Z] 😴 Sleeping 60 seconds...
[2026-05-10T16:53:16Z] 🔍 Scanning environments...
[2026-05-10T16:53:16Z] 📭 No active environments
[2026-05-10T16:53:16Z] 😴 Sleeping 60 seconds...
[2026-05-10T16:54:05Z] 🔍 Scanning environments...
[2026-05-10T16:54:05Z] 📭 No active environments
[2026-05-10T16:54:05Z] 😴 Sleeping 60 seconds...
[2026-05-10T16:54:16Z] 🔍 Scanning environments...
[2026-05-10T16:54:16Z] 📭 No active environments
[2026-05-10T16:54:16Z] 😴 Sleeping 60 seconds...
[2026-05-10T16:55:06Z] 🔍 Scanning environments...
[2026-05-10T16:55:06Z] 📭 No active environments
[2026-05-10T16:55:06Z] 😴 Sleeping 60 seconds...
[2026-05-10T16:55:16Z] 🔍 Scanning environments...
[2026-05-10T16:55:16Z] 📭 No active environments
[2026-05-10T16:55:16Z] 😴 Sleeping 60 seconds...
[2026-05-10T16:56:06Z] 🔍 Scanning environments...
[2026-05-10T16:56:06Z] 📭 No active environments
[2026-05-10T16:56:06Z] 😴 Sleeping 60 seconds...
[2026-05-10T16:56:16Z] 🔍 Scanning environments...
[2026-05-10T16:56:16Z] 📭 No active environments
[2026-05-10T16:56:16Z] 😴 Sleeping 60 seconds...
[2026-05-10T16:57:06Z] 🔍 Scanning environments...
[2026-05-10T16:57:06Z] ✅ ENV env-testapp-1778432183 OK — 257s remaining
[2026-05-10T16:57:06Z] 😴 Sleeping 60 seconds...
[2026-05-10T16:57:16Z] 🔍 Scanning environments...
[2026-05-10T16:57:17Z] ✅ ENV env-testapp-1778432183 OK — 246s remaining
[2026-05-10T16:57:17Z] 😴 Sleeping 60 seconds...
[2026-05-10T16:58:06Z] 🔍 Scanning environments...
[2026-05-10T16:58:06Z] ✅ ENV env-testapp-1778432183 OK — 197s remaining
[2026-05-10T16:58:06Z] 😴 Sleeping 60 seconds...
[2026-05-10T16:58:17Z] 🔍 Scanning environments...
[2026-05-10T16:58:17Z] ✅ ENV env-testapp-1778432183 OK — 186s remaining
[2026-05-10T16:58:17Z] 😴 Sleeping 60 seconds...
[2026-05-10T16:59:06Z] 🔍 Scanning environments...
[2026-05-10T16:59:06Z] ✅ ENV env-testapp-1778432183 OK — 137s remaining
[2026-05-10T16:59:07Z] 😴 Sleeping 60 seconds...
[2026-05-10T16:59:17Z] 🔍 Scanning environments...
[2026-05-10T16:59:17Z] ✅ ENV env-testapp-1778432183 OK — 126s remaining
[2026-05-10T16:59:17Z] 😴 Sleeping 60 seconds...
[2026-05-10T17:00:07Z] 🔍 Scanning environments...
[2026-05-10T17:00:07Z] ✅ ENV env-testapp-1778432183 OK — 76s remaining
[2026-05-10T17:00:07Z] 😴 Sleeping 60 seconds...
[2026-05-10T17:00:17Z] 🔍 Scanning environments...
[2026-05-10T17:00:17Z] ✅ ENV env-testapp-1778432183 OK — 66s remaining
[2026-05-10T17:00:17Z] 😴 Sleeping 60 seconds...
[2026-05-10T17:01:07Z] 🔍 Scanning environments...
[2026-05-10T17:01:07Z] ✅ ENV env-testapp-1778432183 OK — 16s remaining
[2026-05-10T17:01:07Z] 😴 Sleeping 60 seconds...
[2026-05-10T17:01:18Z] 🔍 Scanning environments...
[2026-05-10T17:01:18Z] ✅ ENV env-testapp-1778432183 OK — 5s remaining
[2026-05-10T17:01:18Z] 😴 Sleeping 60 seconds...
[2026-05-10T17:02:07Z] 🔍 Scanning environments...
[2026-05-10T17:02:08Z] ⏰ ENV env-testapp-1778432183 has expired (TTL: 300s) — destroying...
[2026-05-10T17:02:10Z] ✅ ENV env-testapp-1778432183 destroyed
[2026-05-10T17:02:10Z] 😴 Sleeping 60 seconds...
[2026-05-10T17:02:18Z] 🔍 Scanning environments...
[2026-05-10T17:02:18Z] 📭 No active environments
[2026-05-10T17:02:18Z] 😴 Sleeping 60 seconds...
[2026-05-10T17:03:11Z] 🔍 Scanning environments...
[2026-05-10T17:03:11Z] 📭 No active environments
[2026-05-10T17:03:11Z] 😴 Sleeping 60 seconds...
[2026-05-10T17:03:18Z] 🔍 Scanning environments...
[2026-05-10T17:03:18Z] 📭 No active environments
[2026-05-10T17:03:18Z] 😴 Sleeping 60 seconds...
[2026-05-10T17:04:11Z] 🔍 Scanning environments...
[2026-05-10T17:04:11Z] 📭 No active environments
[2026-05-10T17:04:11Z] 😴 Sleeping 60 seconds...
[2026-05-10T17:04:18Z] 🔍 Scanning environments...
[2026-05-10T17:04:18Z] 📭 No active environments
[2026-05-10T17:04:18Z] 😴 Sleeping 60 seconds...
[2026-05-10T17:05:11Z] 🔍 Scanning environments...
[2026-05-10T17:05:11Z] 📭 No active environments
[2026-05-10T17:05:11Z] 😴 Sleeping 60 seconds...
[2026-05-10T17:05:18Z] 🔍 Scanning environments...
[2026-05-10T17:05:18Z] 📭 No active environments
[2026-05-10T17:05:18Z] 😴 Sleeping 60 seconds...
[2026-05-10T17:06:11Z] 🔍 Scanning environments...
[2026-05-10T17:06:11Z] 📭 No active environments
[2026-05-10T17:06:11Z] 😴 Sleeping 60 seconds...
[2026-05-10T17:06:18Z] 🔍 Scanning environments...
[2026-05-10T17:06:18Z] 📭 No active environments
[2026-05-10T17:06:18Z] 😴 Sleeping 60 seconds...
[2026-05-10T17:07:11Z] 🔍 Scanning environments...
[2026-05-10T17:07:11Z] 📭 No active environments
[2026-05-10T17:07:11Z] 😴 Sleeping 60 seconds...
[2026-05-10T17:07:19Z] 🔍 Scanning environments...
[2026-05-10T17:07:19Z] 📭 No active environments
[2026-05-10T17:07:19Z] 😴 Sleeping 60 seconds...
[2026-05-10T17:08:11Z] 🔍 Scanning environments...
[2026-05-10T17:08:11Z] 📭 No active environments
[2026-05-10T17:08:11Z] 😴 Sleeping 60 seconds...
[2026-05-10T17:08:19Z] 🔍 Scanning environments...
[2026-05-10T17:08:19Z] 📭 No active environments
[2026-05-10T17:08:19Z] 😴 Sleeping 60 seconds...
[2026-05-10T17:09:11Z] 🔍 Scanning environments...
[2026-05-10T17:09:11Z] 📭 No active environments
[2026-05-10T17:09:11Z] 😴 Sleeping 60 seconds...
[2026-05-10T17:09:19Z] 🔍 Scanning environments...
[2026-05-10T17:09:19Z] 📭 No active environments
[2026-05-10T17:09:19Z] 😴 Sleeping 60 seconds...
[2026-05-10T17:10:11Z] 🔍 Scanning environments...
[2026-05-10T17:10:11Z] 📭 No active environments
[2026-05-10T17:10:11Z] 😴 Sleeping 60 seconds...
[2026-05-10T17:10:19Z] 🔍 Scanning environments...
[2026-05-10T17:10:19Z] 📭 No active environments
[2026-05-10T17:10:19Z] 😴 Sleeping 60 seconds...
[2026-05-10T17:11:11Z] 🔍 Scanning environments...
[2026-05-10T17:11:11Z] 📭 No active environments
[2026-05-10T17:11:11Z] 😴 Sleeping 60 seconds...
[2026-05-10T17:11:19Z] 🔍 Scanning environments...
[2026-05-10T17:11:19Z] 📭 No active environments
[2026-05-10T17:11:19Z] 😴 Sleeping 60 seconds...
[2026-05-10T17:12:12Z] 🔍 Scanning environments...
[2026-05-10T17:12:12Z] 📭 No active environments
[2026-05-10T17:12:12Z] 😴 Sleeping 60 seconds...
[2026-05-10T17:12:19Z] 🔍 Scanning environments...
[2026-05-10T17:12:19Z] 📭 No active environments
[2026-05-10T17:12:19Z] 😴 Sleeping 60 seconds...
[2026-05-10T17:13:12Z] 🔍 Scanning environments...
[2026-05-10T17:13:12Z] 📭 No active environments
[2026-05-10T17:13:12Z] 😴 Sleeping 60 seconds...
[2026-05-10T17:13:19Z] 🔍 Scanning environments...
[2026-05-10T17:13:19Z] 📭 No active environments
[2026-05-10T17:13:19Z] 😴 Sleeping 60 seconds...
[2026-05-10T17:14:12Z] 🔍 Scanning environments...
[2026-05-10T17:14:12Z] 📭 No active environments
[2026-05-10T17:14:12Z] 😴 Sleeping 60 seconds...
[2026-05-10T17:14:19Z] 🔍 Scanning environments...
[2026-05-10T17:14:19Z] 📭 No active environments
[2026-05-10T17:14:19Z] 😴 Sleeping 60 seconds...
[2026-05-10T17:15:12Z] 🔍 Scanning environments...
[2026-05-10T17:15:12Z] 📭 No active environments
[2026-05-10T17:15:12Z] 😴 Sleeping 60 seconds...
[2026-05-10T17:15:20Z] 🔍 Scanning environments...
[2026-05-10T17:15:20Z] 📭 No active environments
[2026-05-10T17:15:20Z] 😴 Sleeping 60 seconds...
[2026-05-10T17:16:12Z] 🔍 Scanning environments...
[2026-05-10T17:16:12Z] 📭 No active environments
[2026-05-10T17:16:12Z] 😴 Sleeping 60 seconds...
[2026-05-10T17:16:20Z] 🔍 Scanning environments...
[2026-05-10T17:16:20Z] 📭 No active environments
[2026-05-10T17:16:20Z] 😴 Sleeping 60 seconds...
[2026-05-10T17:17:12Z] 🔍 Scanning environments...
[2026-05-10T17:17:12Z] 📭 No active environments
[2026-05-10T17:17:12Z] 😴 Sleeping 60 seconds...
[2026-05-10T17:17:20Z] 🔍 Scanning environments...
[2026-05-10T17:17:20Z] 📭 No active environments
[2026-05-10T17:17:20Z] 😴 Sleeping 60 seconds...
[2026-05-10T17:18:12Z] 🔍 Scanning environments...
[2026-05-10T17:18:12Z] 📭 No active environments
[2026-05-10T17:18:12Z] 😴 Sleeping 60 seconds...
[2026-05-10T17:18:20Z] 🔍 Scanning environments...
[2026-05-10T17:18:20Z] 📭 No active environments
[2026-05-10T17:18:20Z] 😴 Sleeping 60 seconds...
[2026-05-10T17:19:12Z] 🔍 Scanning environments...
[2026-05-10T17:19:12Z] 📭 No active environments
[2026-05-10T17:19:12Z] 😴 Sleeping 60 seconds...
[2026-05-10T17:19:20Z] 🔍 Scanning environments...
[2026-05-10T17:19:20Z] 📭 No active environments
[2026-05-10T17:19:20Z] 😴 Sleeping 60 seconds...
[2026-05-10T17:20:12Z] 🔍 Scanning environments...
[2026-05-10T17:20:12Z] 📭 No active environments
[2026-05-10T17:20:12Z] 😴 Sleeping 60 seconds...
[2026-05-10T17:20:20Z] 🔍 Scanning environments...
[2026-05-10T17:20:20Z] 📭 No active environments
[2026-05-10T17:20:20Z] 😴 Sleeping 60 seconds...
[2026-05-10T17:21:13Z] 🔍 Scanning environments...
[2026-05-10T17:21:13Z] 📭 No active environments
[2026-05-10T17:21:13Z] 😴 Sleeping 60 seconds...
[2026-05-10T17:21:20Z] 🔍 Scanning environments...
[2026-05-10T17:21:20Z] 📭 No active environments
[2026-05-10T17:21:20Z] 😴 Sleeping 60 seconds...
[2026-05-10T17:22:13Z] 🔍 Scanning environments...
[2026-05-10T17:22:13Z] ✅ ENV env-myapp-1778433697 OK — 564s remaining
[2026-05-10T17:22:13Z] 😴 Sleeping 60 seconds...
[2026-05-10T17:22:20Z] 🔍 Scanning environments...
[2026-05-10T17:22:20Z] ✅ ENV env-myapp-1778433697 OK — 557s remaining
[2026-05-10T17:22:20Z] 😴 Sleeping 60 seconds...
[2026-05-10T17:23:13Z] 🔍 Scanning environments...
[2026-05-10T17:23:13Z] ✅ ENV env-myapp-1778433697 OK — 504s remaining
[2026-05-10T17:23:13Z] 😴 Sleeping 60 seconds...
[2026-05-10T17:23:20Z] 🔍 Scanning environments...
[2026-05-10T17:23:21Z] ✅ ENV env-myapp-1778433697 OK — 496s remaining
[2026-05-10T17:23:21Z] 😴 Sleeping 60 seconds...
[2026-05-10T17:24:13Z] 🔍 Scanning environments...
[2026-05-10T17:24:13Z] ✅ ENV env-myapp-1778433697 OK — 444s remaining
[2026-05-10T17:24:13Z] 😴 Sleeping 60 seconds...
[2026-05-10T17:24:21Z] 🔍 Scanning environments...
[2026-05-10T17:24:21Z] ✅ ENV env-myapp-1778433697 OK — 436s remaining
[2026-05-10T17:24:21Z] 😴 Sleeping 60 seconds...
[2026-05-10T17:25:13Z] 🔍 Scanning environments...
[2026-05-10T17:25:14Z] ✅ ENV env-myapp-1778433697 OK — 383s remaining
[2026-05-10T17:25:14Z] ✅ ENV env-myapp-1778433871 OK — 557s remaining
[2026-05-10T17:25:14Z] 😴 Sleeping 60 seconds...
[2026-05-10T17:25:21Z] 🔍 Scanning environments...
[2026-05-10T17:25:21Z] ✅ ENV env-myapp-1778433697 OK — 376s remaining
[2026-05-10T17:25:21Z] ✅ ENV env-myapp-1778433871 OK — 550s remaining
[2026-05-10T17:25:21Z] 😴 Sleeping 60 seconds...
[2026-05-10T17:26:14Z] 🔍 Scanning environments...
[2026-05-10T17:26:14Z] ✅ ENV env-myapp-1778433697 OK — 323s remaining
[2026-05-10T17:26:14Z] ✅ ENV env-myapp-1778433871 OK — 497s remaining
[2026-05-10T17:26:14Z] 😴 Sleeping 60 seconds...
[2026-05-10T17:26:21Z] 🔍 Scanning environments...
[2026-05-10T17:26:22Z] ✅ ENV env-myapp-1778433697 OK — 315s remaining
[2026-05-10T17:26:22Z] ✅ ENV env-myapp-1778433871 OK — 489s remaining
[2026-05-10T17:26:22Z] 😴 Sleeping 60 seconds...
[2026-05-10T17:27:14Z] 🔍 Scanning environments...
[2026-05-10T17:27:14Z] ✅ ENV env-myapp-1778433697 OK — 263s remaining
[2026-05-10T17:27:15Z] ✅ ENV env-myapp-1778433871 OK — 436s remaining
[2026-05-10T17:27:15Z] 😴 Sleeping 60 seconds...
[2026-05-10T17:27:22Z] 🔍 Scanning environments...
[2026-05-10T17:27:22Z] ✅ ENV env-myapp-1778433697 OK — 255s remaining
[2026-05-10T17:27:22Z] ✅ ENV env-myapp-1778433871 OK — 429s remaining
[2026-05-10T17:27:22Z] 😴 Sleeping 60 seconds...
[2026-05-10T17:28:15Z] 🔍 Scanning environments...
[2026-05-10T17:28:15Z] ✅ ENV env-myapp-1778433697 OK — 202s remaining
[2026-05-10T17:28:15Z] ✅ ENV env-myapp-1778433871 OK — 376s remaining
[2026-05-10T17:28:15Z] 😴 Sleeping 60 seconds...
[2026-05-10T17:28:22Z] 🔍 Scanning environments...
[2026-05-10T17:28:22Z] ✅ ENV env-myapp-1778433697 OK — 195s remaining
[2026-05-10T17:28:22Z] ✅ ENV env-myapp-1778433871 OK — 369s remaining
[2026-05-10T17:28:22Z] 😴 Sleeping 60 seconds...
[2026-05-10T17:29:15Z] 🔍 Scanning environments...
[2026-05-10T17:29:15Z] ✅ ENV env-myapp-1778433697 OK — 142s remaining
[2026-05-10T17:29:15Z] ✅ ENV env-myapp-1778433871 OK — 316s remaining
[2026-05-10T17:29:15Z] 😴 Sleeping 60 seconds...
[2026-05-10T17:29:23Z] 🔍 Scanning environments...
[2026-05-10T17:29:23Z] ✅ ENV env-myapp-1778433697 OK — 134s remaining
[2026-05-10T17:29:23Z] ✅ ENV env-myapp-1778433871 OK — 308s remaining
[2026-05-10T17:29:23Z] 😴 Sleeping 60 seconds...
[2026-05-10T17:30:15Z] 🔍 Scanning environments...
[2026-05-10T17:30:15Z] ✅ ENV env-myapp-1778433697 OK — 82s remaining
[2026-05-10T17:30:15Z] ✅ ENV env-myapp-1778433871 OK — 256s remaining
[2026-05-10T17:30:15Z] 😴 Sleeping 60 seconds...
[2026-05-10T17:30:23Z] 🔍 Scanning environments...
[2026-05-10T17:30:23Z] ✅ ENV env-myapp-1778433697 OK — 74s remaining
[2026-05-10T17:30:23Z] ✅ ENV env-myapp-1778433871 OK — 248s remaining
[2026-05-10T17:30:23Z] 😴 Sleeping 60 seconds...
[2026-05-10T17:31:16Z] 🔍 Scanning environments...
[2026-05-10T17:31:16Z] ✅ ENV env-myapp-1778433697 OK — 21s remaining
[2026-05-10T17:31:16Z] ✅ ENV env-myapp-1778433871 OK — 195s remaining
[2026-05-10T17:31:16Z] 😴 Sleeping 60 seconds...
[2026-05-10T17:31:23Z] 🔍 Scanning environments...
[2026-05-10T17:31:23Z] ✅ ENV env-myapp-1778433697 OK — 14s remaining
[2026-05-10T17:31:23Z] ✅ ENV env-myapp-1778433871 OK — 188s remaining
[2026-05-10T17:31:23Z] 😴 Sleeping 60 seconds...
[2026-05-10T17:32:16Z] 🔍 Scanning environments...
[2026-05-10T17:32:16Z] ⏰ ENV env-myapp-1778433697 has expired (TTL: 600s) — destroying...
[2026-05-10T17:32:18Z] ✅ ENV env-myapp-1778433697 destroyed
[2026-05-10T17:32:18Z] ✅ ENV env-myapp-1778433871 OK — 133s remaining
[2026-05-10T17:32:18Z] 😴 Sleeping 60 seconds...
[2026-05-10T17:32:23Z] 🔍 Scanning environments...
[2026-05-10T17:32:24Z] ✅ ENV env-myapp-1778433871 OK — 127s remaining
[2026-05-10T17:32:24Z] 😴 Sleeping 60 seconds...
[2026-05-10T17:33:18Z] 🔍 Scanning environments...
[2026-05-10T17:33:18Z] ✅ ENV env-myapp-1778433871 OK — 73s remaining
[2026-05-10T17:33:18Z] 😴 Sleeping 60 seconds...
[2026-05-10T17:33:24Z] 🔍 Scanning environments...
[2026-05-10T17:33:24Z] ✅ ENV env-myapp-1778433871 OK — 67s remaining
[2026-05-10T17:33:24Z] 😴 Sleeping 60 seconds...
[2026-05-10T17:34:18Z] 🔍 Scanning environments...
[2026-05-10T17:34:18Z] ✅ ENV env-myapp-1778433871 OK — 13s remaining
[2026-05-10T17:34:18Z] 😴 Sleeping 60 seconds...
[2026-05-10T17:34:24Z] 🔍 Scanning environments...
[2026-05-10T17:34:24Z] ✅ ENV env-myapp-1778433871 OK — 7s remaining
[2026-05-10T17:34:24Z] 😴 Sleeping 60 seconds...
[2026-05-10T17:35:19Z] 🔍 Scanning environments...
[2026-05-10T17:35:19Z] ⏰ ENV env-myapp-1778433871 has expired (TTL: 600s) — destroying...
[2026-05-10T17:35:21Z] ✅ ENV env-myapp-1778433871 destroyed
[2026-05-10T17:35:21Z] 😴 Sleeping 60 seconds...
[2026-05-10T17:35:24Z] 🔍 Scanning environments...
[2026-05-10T17:35:24Z] 📭 No active environments
[2026-05-10T17:35:24Z] 😴 Sleeping 60 seconds...
[2026-05-10T17:36:21Z] 🔍 Scanning environments...
[2026-05-10T17:36:21Z] 📭 No active environments
[2026-05-10T17:36:21Z] 😴 Sleeping 60 seconds...
[2026-05-10T17:36:24Z] 🔍 Scanning environments...
[2026-05-10T17:36:24Z] 📭 No active environments
[2026-05-10T17:36:24Z] 😴 Sleeping 60 seconds...
[2026-05-10T17:54:47Z] 🔍 Scanning environments...
[2026-05-10T17:54:47Z] 📭 No active environments
[2026-05-10T17:54:47Z] 😴 Sleeping 60 seconds...
[2026-05-10T17:54:51Z] 🔍 Scanning environments...
[2026-05-10T17:54:51Z] 📭 No active environments
[2026-05-10T17:54:51Z] 😴 Sleeping 60 seconds...
[2026-05-10T17:55:47Z] 🔍 Scanning environments...
[2026-05-10T17:55:47Z] 📭 No active environments
[2026-05-10T17:55:47Z] 😴 Sleeping 60 seconds...
[2026-05-10T17:55:51Z] 🔍 Scanning environments...
[2026-05-10T17:55:51Z] 📭 No active environments
[2026-05-10T17:55:51Z] 😴 Sleeping 60 seconds...
[2026-05-10T17:56:47Z] 🔍 Scanning environments...
[2026-05-10T17:56:47Z] 📭 No active environments
[2026-05-10T17:56:47Z] 😴 Sleeping 60 seconds...
[2026-05-10T17:56:51Z] 🔍 Scanning environments...
[2026-05-10T17:56:51Z] 📭 No active environments
[2026-05-10T17:56:51Z] 😴 Sleeping 60 seconds...
[2026-05-10T17:57:48Z] 🔍 Scanning environments...
[2026-05-10T17:57:48Z] 📭 No active environments
[2026-05-10T17:57:48Z] 😴 Sleeping 60 seconds...
[2026-05-10T17:57:51Z] 🔍 Scanning environments...
[2026-05-10T17:57:51Z] 📭 No active environments
[2026-05-10T17:57:51Z] 😴 Sleeping 60 seconds...
[2026-05-10T17:58:48Z] 🔍 Scanning environments...
[2026-05-10T17:58:48Z] 📭 No active environments
[2026-05-10T17:58:48Z] 😴 Sleeping 60 seconds...
[2026-05-10T17:58:51Z] 🔍 Scanning environments...
[2026-05-10T17:58:51Z] 📭 No active environments
[2026-05-10T17:58:51Z] 😴 Sleeping 60 seconds...
[2026-05-10T17:59:48Z] 🔍 Scanning environments...
[2026-05-10T17:59:48Z] 📭 No active environments
[2026-05-10T17:59:48Z] 😴 Sleeping 60 seconds...
[2026-05-10T17:59:51Z] 🔍 Scanning environments...
[2026-05-10T17:59:51Z] 📭 No active environments
[2026-05-10T17:59:51Z] 😴 Sleeping 60 seconds...
[2026-05-10T18:00:48Z] 🔍 Scanning environments...
[2026-05-10T18:00:48Z] 📭 No active environments
[2026-05-10T18:00:48Z] 😴 Sleeping 60 seconds...
[2026-05-10T18:00:51Z] 🔍 Scanning environments...
[2026-05-10T18:00:51Z] 📭 No active environments
[2026-05-10T18:00:51Z] 😴 Sleeping 60 seconds...
[2026-05-10T18:01:48Z] 🔍 Scanning environments...
[2026-05-10T18:01:48Z] 📭 No active environments
[2026-05-10T18:01:48Z] 😴 Sleeping 60 seconds...
[2026-05-10T18:01:51Z] 🔍 Scanning environments...
[2026-05-10T18:01:51Z] 📭 No active environments
[2026-05-10T18:01:51Z] 😴 Sleeping 60 seconds...
[2026-05-10T18:02:48Z] 🔍 Scanning environments...
[2026-05-10T18:02:48Z] 📭 No active environments
[2026-05-10T18:02:48Z] 😴 Sleeping 60 seconds...
[2026-05-10T18:02:51Z] 🔍 Scanning environments...
[2026-05-10T18:02:51Z] 📭 No active environments
[2026-05-10T18:02:51Z] 😴 Sleeping 60 seconds...
[2026-05-10T18:03:48Z] 🔍 Scanning environments...
[2026-05-10T18:03:48Z] 📭 No active environments
[2026-05-10T18:03:48Z] 😴 Sleeping 60 seconds...
[2026-05-10T18:03:51Z] 🔍 Scanning environments...
[2026-05-10T18:03:51Z] 📭 No active environments
[2026-05-10T18:03:51Z] 😴 Sleeping 60 seconds...
[2026-05-10T18:04:48Z] 🔍 Scanning environments...
[2026-05-10T18:04:48Z] ✅ ENV env-myapp-1778436248 OK — 3560s remaining
[2026-05-10T18:04:48Z] 😴 Sleeping 60 seconds...
[2026-05-10T18:04:51Z] 🔍 Scanning environments...
[2026-05-10T18:04:51Z] ✅ ENV env-myapp-1778436248 OK — 3557s remaining
[2026-05-10T18:04:51Z] 😴 Sleeping 60 seconds...
[2026-05-10T18:05:48Z] 🔍 Scanning environments...
[2026-05-10T18:05:48Z] ✅ ENV env-myapp-1778436248 OK — 3500s remaining
[2026-05-10T18:05:48Z] 😴 Sleeping 60 seconds...
[2026-05-10T18:05:51Z] 🔍 Scanning environments...
[2026-05-10T18:05:52Z] ✅ ENV env-myapp-1778436248 OK — 3496s remaining
[2026-05-10T18:05:52Z] 😴 Sleeping 60 seconds...
[2026-05-10T18:06:48Z] 🔍 Scanning environments...
[2026-05-10T18:06:48Z] ✅ ENV env-myapp-1778436248 OK — 3440s remaining
[2026-05-10T18:06:48Z] 😴 Sleeping 60 seconds...
[2026-05-10T18:06:52Z] 🔍 Scanning environments...
[2026-05-10T18:06:52Z] ✅ ENV env-myapp-1778436248 OK — 3436s remaining
[2026-05-10T18:06:52Z] 😴 Sleeping 60 seconds...
[2026-05-10T18:07:48Z] 🔍 Scanning environments...
[2026-05-10T18:07:49Z] ✅ ENV env-myapp-1778436248 OK — 3379s remaining
[2026-05-10T18:07:49Z] 😴 Sleeping 60 seconds...
[2026-05-10T18:07:52Z] 🔍 Scanning environments...
[2026-05-10T18:07:52Z] ✅ ENV env-myapp-1778436248 OK — 3376s remaining
[2026-05-10T18:07:52Z] 😴 Sleeping 60 seconds...
[2026-05-10T18:08:49Z] 🔍 Scanning environments...
[2026-05-10T18:08:49Z] ✅ ENV env-myapp-1778436248 OK — 3319s remaining
[2026-05-10T18:08:49Z] 😴 Sleeping 60 seconds...
[2026-05-10T18:08:52Z] 🔍 Scanning environments...
[2026-05-10T18:08:52Z] ✅ ENV env-myapp-1778436248 OK — 3316s remaining
[2026-05-10T18:08:52Z] 😴 Sleeping 60 seconds...
[2026-05-10T18:09:49Z] 🔍 Scanning environments...
[2026-05-10T18:09:49Z] ✅ ENV env-myapp-1778436248 OK — 3259s remaining
[2026-05-10T18:09:49Z] 😴 Sleeping 60 seconds...
[2026-05-10T18:09:52Z] 🔍 Scanning environments...
[2026-05-10T18:09:52Z] ✅ ENV env-myapp-1778436248 OK — 3256s remaining
[2026-05-10T18:09:52Z] 😴 Sleeping 60 seconds...
[2026-05-10T18:10:49Z] 🔍 Scanning environments...
[2026-05-10T18:10:49Z] ✅ ENV env-myapp-1778436248 OK — 3199s remaining
[2026-05-10T18:10:49Z] 😴 Sleeping 60 seconds...
[2026-05-10T18:10:52Z] 🔍 Scanning environments...
[2026-05-10T18:10:53Z] ✅ ENV env-myapp-1778436248 OK — 3196s remaining
[2026-05-10T18:10:53Z] 😴 Sleeping 60 seconds...
[2026-05-10T18:11:49Z] 🔍 Scanning environments...
[2026-05-10T18:11:49Z] ✅ ENV env-myapp-1778436248 OK — 3139s remaining
[2026-05-10T18:11:49Z] 😴 Sleeping 60 seconds...
[2026-05-10T18:11:53Z] 🔍 Scanning environments...
[2026-05-10T18:11:53Z] ✅ ENV env-myapp-1778436248 OK — 3135s remaining
[2026-05-10T18:11:53Z] 😴 Sleeping 60 seconds...
[2026-05-10T18:12:49Z] 🔍 Scanning environments...
[2026-05-10T18:12:50Z] ✅ ENV env-myapp-1778436248 OK — 3078s remaining
[2026-05-10T18:12:50Z] 😴 Sleeping 60 seconds...
[2026-05-10T18:12:53Z] 🔍 Scanning environments...
[2026-05-10T18:12:53Z] ✅ ENV env-myapp-1778436248 OK — 3075s remaining
[2026-05-10T18:12:53Z] 😴 Sleeping 60 seconds...
[2026-05-10T18:13:50Z] 🔍 Scanning environments...
[2026-05-10T18:13:50Z] ✅ ENV env-myapp-1778436248 OK — 3018s remaining
[2026-05-10T18:13:50Z] 😴 Sleeping 60 seconds...
[2026-05-10T18:13:53Z] 🔍 Scanning environments...
[2026-05-10T18:13:53Z] ✅ ENV env-myapp-1778436248 OK — 3015s remaining
[2026-05-10T18:13:53Z] 😴 Sleeping 60 seconds...
[2026-05-10T18:14:50Z] 🔍 Scanning environments...
[2026-05-10T18:14:50Z] ✅ ENV env-myapp-1778436248 OK — 2958s remaining
[2026-05-10T18:14:50Z] 😴 Sleeping 60 seconds...
[2026-05-10T18:14:53Z] 🔍 Scanning environments...
[2026-05-10T18:14:53Z] ✅ ENV env-myapp-1778436248 OK — 2955s remaining
[2026-05-10T18:14:53Z] 😴 Sleeping 60 seconds...
[2026-05-10T18:15:50Z] 🔍 Scanning environments...
[2026-05-10T18:15:50Z] ✅ ENV env-myapp-1778436248 OK — 2898s remaining
[2026-05-10T18:15:50Z] 😴 Sleeping 60 seconds...
[2026-05-10T18:15:53Z] 🔍 Scanning environments...
[2026-05-10T18:15:53Z] ✅ ENV env-myapp-1778436248 OK — 2895s remaining
[2026-05-10T18:15:53Z] 😴 Sleeping 60 seconds...
[2026-05-10T18:16:50Z] 🔍 Scanning environments...
[2026-05-10T18:16:50Z] ✅ ENV env-myapp-1778436248 OK — 2838s remaining
[2026-05-10T18:16:50Z] 😴 Sleeping 60 seconds...
[2026-05-10T18:16:54Z] 🔍 Scanning environments...
[2026-05-10T18:16:54Z] ✅ ENV env-myapp-1778436248 OK — 2834s remaining
[2026-05-10T18:16:54Z] 😴 Sleeping 60 seconds...
[2026-05-10T18:17:50Z] 🔍 Scanning environments...
[2026-05-10T18:17:50Z] ✅ ENV env-myapp-1778436248 OK — 2778s remaining
[2026-05-10T18:17:50Z] 😴 Sleeping 60 seconds...
[2026-05-10T18:17:54Z] 🔍 Scanning environments...
[2026-05-10T18:17:54Z] ✅ ENV env-myapp-1778436248 OK — 2774s remaining
[2026-05-10T18:17:54Z] 😴 Sleeping 60 seconds...
[2026-05-10T18:18:50Z] 🔍 Scanning environments...
[2026-05-10T18:18:51Z] ✅ ENV env-myapp-1778436248 OK — 2717s remaining
[2026-05-10T18:18:51Z] 😴 Sleeping 60 seconds...
[2026-05-10T18:18:54Z] 🔍 Scanning environments...
[2026-05-10T18:18:54Z] ✅ ENV env-myapp-1778436248 OK — 2714s remaining
[2026-05-10T18:18:54Z] 😴 Sleeping 60 seconds...
[2026-05-10T18:19:51Z] 🔍 Scanning environments...
[2026-05-10T18:19:51Z] ✅ ENV env-myapp-1778436248 OK — 2657s remaining
[2026-05-10T18:19:51Z] 😴 Sleeping 60 seconds...
[2026-05-10T18:19:54Z] 🔍 Scanning environments...
[2026-05-10T18:19:54Z] ✅ ENV env-myapp-1778436248 OK — 2654s remaining
[2026-05-10T18:19:54Z] 😴 Sleeping 60 seconds...
[2026-05-10T18:20:51Z] 🔍 Scanning environments...
[2026-05-10T18:20:51Z] ✅ ENV env-myapp-1778436248 OK — 2597s remaining
[2026-05-10T18:20:51Z] 😴 Sleeping 60 seconds...
[2026-05-10T18:20:54Z] 🔍 Scanning environments...
[2026-05-10T18:20:54Z] ✅ ENV env-myapp-1778436248 OK — 2594s remaining
[2026-05-10T18:20:54Z] 😴 Sleeping 60 seconds...
[2026-05-10T18:22:21Z] 🔍 Scanning environments...
[2026-05-10T18:22:21Z] ✅ ENV env-myapp-1778436248 OK — 2507s remaining
[2026-05-10T18:22:21Z] 😴 Sleeping 60 seconds...
[2026-05-10T18:22:25Z] 🔍 Scanning environments...
[2026-05-10T18:22:25Z] ✅ ENV env-myapp-1778436248 OK — 2503s remaining
[2026-05-10T18:22:25Z] 😴 Sleeping 60 seconds...
[2026-05-10T18:23:21Z] 🔍 Scanning environments...
[2026-05-10T18:23:21Z] ✅ ENV env-myapp-1778436248 OK — 2447s remaining
[2026-05-10T18:23:21Z] 😴 Sleeping 60 seconds...
[2026-05-10T18:23:25Z] 🔍 Scanning environments...
[2026-05-10T18:23:25Z] ✅ ENV env-myapp-1778436248 OK — 2443s remaining
[2026-05-10T18:23:25Z] 😴 Sleeping 60 seconds...
[2026-05-10T18:24:22Z] 🔍 Scanning environments...
[2026-05-10T18:24:22Z] ✅ ENV env-myapp-1778436248 OK — 2386s remaining
[2026-05-10T18:24:22Z] 😴 Sleeping 60 seconds...
[2026-05-10T18:24:25Z] 🔍 Scanning environments...
[2026-05-10T18:24:25Z] ✅ ENV env-myapp-1778436248 OK — 2383s remaining
[2026-05-10T18:24:25Z] 😴 Sleeping 60 seconds...
[2026-05-10T18:25:22Z] 🔍 Scanning environments...
[2026-05-10T18:25:22Z] ✅ ENV env-myapp-1778436248 OK — 2326s remaining
[2026-05-10T18:25:22Z] 😴 Sleeping 60 seconds...
[2026-05-10T18:25:25Z] 🔍 Scanning environments...
[2026-05-10T18:25:25Z] ✅ ENV env-myapp-1778436248 OK — 2323s remaining
[2026-05-10T18:25:25Z] 😴 Sleeping 60 seconds...
[2026-05-10T18:26:22Z] 🔍 Scanning environments...
[2026-05-10T18:26:22Z] ✅ ENV env-myapp-1778436248 OK — 2266s remaining
[2026-05-10T18:26:22Z] 😴 Sleeping 60 seconds...
[2026-05-10T18:26:25Z] 🔍 Scanning environments...
[2026-05-10T18:26:25Z] ✅ ENV env-myapp-1778436248 OK — 2263s remaining
[2026-05-10T18:26:25Z] 😴 Sleeping 60 seconds...
[2026-05-10T18:27:22Z] 🔍 Scanning environments...
[2026-05-10T18:27:22Z] ✅ ENV env-myapp-1778436248 OK — 2206s remaining
[2026-05-10T18:27:22Z] 😴 Sleeping 60 seconds...
[2026-05-10T18:27:25Z] 🔍 Scanning environments...
[2026-05-10T18:27:25Z] ✅ ENV env-myapp-1778436248 OK — 2203s remaining
[2026-05-10T18:27:25Z] 😴 Sleeping 60 seconds...
[2026-05-10T18:28:22Z] 🔍 Scanning environments...
[2026-05-10T18:28:22Z] ✅ ENV env-myapp-1778436248 OK — 2146s remaining
[2026-05-10T18:28:22Z] 😴 Sleeping 60 seconds...
[2026-05-10T18:28:26Z] 🔍 Scanning environments...
[2026-05-10T18:28:26Z] ✅ ENV env-myapp-1778436248 OK — 2142s remaining
[2026-05-10T18:28:26Z] 😴 Sleeping 60 seconds...
[2026-05-10T18:29:22Z] 🔍 Scanning environments...
[2026-05-10T18:29:23Z] ✅ ENV env-myapp-1778436248 OK — 2086s remaining
[2026-05-10T18:29:23Z] 😴 Sleeping 60 seconds...
[2026-05-10T18:29:26Z] 🔍 Scanning environments...
[2026-05-10T18:29:26Z] ✅ ENV env-myapp-1778436248 OK — 2082s remaining
[2026-05-10T18:29:26Z] 😴 Sleeping 60 seconds...
[2026-05-10T18:30:23Z] 🔍 Scanning environments...
[2026-05-10T18:30:23Z] ✅ ENV env-myapp-1778436248 OK — 2025s remaining
[2026-05-10T18:30:23Z] 😴 Sleeping 60 seconds...
[2026-05-10T18:30:26Z] 🔍 Scanning environments...
[2026-05-10T18:30:26Z] ✅ ENV env-myapp-1778436248 OK — 2022s remaining
[2026-05-10T18:30:26Z] 😴 Sleeping 60 seconds...
[2026-05-10T18:31:23Z] 🔍 Scanning environments...
[2026-05-10T18:31:23Z] ✅ ENV env-myapp-1778436248 OK — 1965s remaining
[2026-05-10T18:31:23Z] 😴 Sleeping 60 seconds...
[2026-05-10T18:31:26Z] 🔍 Scanning environments...
[2026-05-10T18:31:26Z] ✅ ENV env-myapp-1778436248 OK — 1962s remaining
[2026-05-10T18:31:26Z] 😴 Sleeping 60 seconds...
[2026-05-10T18:32:23Z] 🔍 Scanning environments...
[2026-05-10T18:32:23Z] ✅ ENV env-myapp-1778436248 OK — 1905s remaining
[2026-05-10T18:32:23Z] 😴 Sleeping 60 seconds...
[2026-05-10T18:32:26Z] 🔍 Scanning environments...
[2026-05-10T18:32:26Z] ✅ ENV env-myapp-1778436248 OK — 1902s remaining
[2026-05-10T18:32:26Z] 😴 Sleeping 60 seconds...
[2026-05-10T18:33:23Z] 🔍 Scanning environments...
[2026-05-10T18:33:23Z] ✅ ENV env-myapp-1778436248 OK — 1845s remaining
[2026-05-10T18:33:23Z] 😴 Sleeping 60 seconds...
[2026-05-10T18:33:26Z] 🔍 Scanning environments...
[2026-05-10T18:33:27Z] ✅ ENV env-myapp-1778436248 OK — 1841s remaining
[2026-05-10T18:33:27Z] 😴 Sleeping 60 seconds...
[2026-05-10T18:34:23Z] 🔍 Scanning environments...
[2026-05-10T18:34:23Z] ✅ ENV env-myapp-1778436248 OK — 1785s remaining
[2026-05-10T18:34:23Z] 😴 Sleeping 60 seconds...
[2026-05-10T18:34:27Z] 🔍 Scanning environments...
[2026-05-10T18:34:27Z] ✅ ENV env-myapp-1778436248 OK — 1781s remaining
[2026-05-10T18:34:27Z] 😴 Sleeping 60 seconds...
[2026-05-10T18:35:23Z] 🔍 Scanning environments...
[2026-05-10T18:35:24Z] ✅ ENV env-myapp-1778436248 OK — 1724s remaining
[2026-05-10T18:35:24Z] 😴 Sleeping 60 seconds...
[2026-05-10T18:35:27Z] 🔍 Scanning environments...
[2026-05-10T18:35:27Z] ✅ ENV env-myapp-1778436248 OK — 1721s remaining
[2026-05-10T18:35:27Z] 😴 Sleeping 60 seconds...
[2026-05-10T18:36:24Z] 🔍 Scanning environments...
[2026-05-10T18:36:24Z] ✅ ENV env-myapp-1778436248 OK — 1664s remaining
[2026-05-10T18:36:24Z] 😴 Sleeping 60 seconds...
[2026-05-10T18:36:27Z] 🔍 Scanning environments...
[2026-05-10T18:36:27Z] ✅ ENV env-myapp-1778436248 OK — 1661s remaining
[2026-05-10T18:36:27Z] 😴 Sleeping 60 seconds...
[2026-05-10T18:37:24Z] 🔍 Scanning environments...
[2026-05-10T18:37:24Z] ✅ ENV env-myapp-1778436248 OK — 1604s remaining
[2026-05-10T18:37:24Z] 😴 Sleeping 60 seconds...
[2026-05-10T18:37:27Z] 🔍 Scanning environments...
[2026-05-10T18:37:27Z] ✅ ENV env-myapp-1778436248 OK — 1601s remaining
[2026-05-10T18:37:27Z] 😴 Sleeping 60 seconds...
[2026-05-10T18:38:24Z] 🔍 Scanning environments...
[2026-05-10T18:38:24Z] ✅ ENV env-myapp-1778436248 OK — 1544s remaining
[2026-05-10T18:38:24Z] 😴 Sleeping 60 seconds...
[2026-05-10T18:38:27Z] 🔍 Scanning environments...
[2026-05-10T18:38:27Z] ✅ ENV env-myapp-1778436248 OK — 1541s remaining
[2026-05-10T18:38:27Z] 😴 Sleeping 60 seconds...
[2026-05-10T18:39:24Z] 🔍 Scanning environments...
[2026-05-10T18:39:24Z] ✅ ENV env-myapp-1778436248 OK — 1484s remaining
[2026-05-10T18:39:24Z] 😴 Sleeping 60 seconds...
[2026-05-10T18:39:27Z] 🔍 Scanning environments...
[2026-05-10T18:39:27Z] ✅ ENV env-myapp-1778436248 OK — 1481s remaining
[2026-05-10T18:39:27Z] 😴 Sleeping 60 seconds...
[2026-05-10T18:40:24Z] 🔍 Scanning environments...
[2026-05-10T18:40:24Z] ✅ ENV env-myapp-1778436248 OK — 1424s remaining
[2026-05-10T18:40:24Z] 😴 Sleeping 60 seconds...
[2026-05-10T18:40:27Z] 🔍 Scanning environments...
[2026-05-10T18:40:28Z] ✅ ENV env-myapp-1778436248 OK — 1420s remaining
[2026-05-10T18:40:28Z] 😴 Sleeping 60 seconds...
[2026-05-10T18:41:24Z] 🔍 Scanning environments...
[2026-05-10T18:41:24Z] ✅ ENV env-myapp-1778436248 OK — 1364s remaining
[2026-05-10T18:41:24Z] 😴 Sleeping 60 seconds...
[2026-05-10T18:41:28Z] 🔍 Scanning environments...
[2026-05-10T18:41:28Z] ✅ ENV env-myapp-1778436248 OK — 1360s remaining
[2026-05-10T18:41:28Z] 😴 Sleeping 60 seconds...
[2026-05-10T18:42:24Z] 🔍 Scanning environments...
[2026-05-10T18:42:25Z] ✅ ENV env-myapp-1778436248 OK — 1303s remaining
[2026-05-10T18:42:25Z] 😴 Sleeping 60 seconds...
[2026-05-10T18:42:28Z] 🔍 Scanning environments...
[2026-05-10T18:42:28Z] ✅ ENV env-myapp-1778436248 OK — 1300s remaining
[2026-05-10T18:42:28Z] 😴 Sleeping 60 seconds...
[2026-05-10T18:43:25Z] 🔍 Scanning environments...
[2026-05-10T18:43:25Z] ✅ ENV env-myapp-1778436248 OK — 1243s remaining
[2026-05-10T18:43:25Z] 😴 Sleeping 60 seconds...
[2026-05-10T18:43:28Z] 🔍 Scanning environments...
[2026-05-10T18:43:28Z] ✅ ENV env-myapp-1778436248 OK — 1240s remaining
[2026-05-10T18:43:28Z] 😴 Sleeping 60 seconds...
[2026-05-10T18:44:25Z] 🔍 Scanning environments...
[2026-05-10T18:44:25Z] ✅ ENV env-myapp-1778436248 OK — 1183s remaining
[2026-05-10T18:44:25Z] 😴 Sleeping 60 seconds...
[2026-05-10T18:44:28Z] 🔍 Scanning environments...
[2026-05-10T18:44:28Z] ✅ ENV env-myapp-1778436248 OK — 1180s remaining
[2026-05-10T18:44:28Z] 😴 Sleeping 60 seconds...
[2026-05-10T18:45:25Z] 🔍 Scanning environments...
[2026-05-10T18:45:25Z] ✅ ENV env-myapp-1778436248 OK — 1123s remaining
[2026-05-10T18:45:25Z] 😴 Sleeping 60 seconds...
[2026-05-10T18:45:28Z] 🔍 Scanning environments...
[2026-05-10T18:45:28Z] ✅ ENV env-myapp-1778436248 OK — 1120s remaining
[2026-05-10T18:45:28Z] 😴 Sleeping 60 seconds...
[2026-05-10T18:46:25Z] 🔍 Scanning environments...
[2026-05-10T18:46:25Z] ✅ ENV env-myapp-1778436248 OK — 1063s remaining
[2026-05-10T18:46:25Z] 😴 Sleeping 60 seconds...
[2026-05-10T18:46:28Z] 🔍 Scanning environments...
[2026-05-10T18:46:28Z] ✅ ENV env-myapp-1778436248 OK — 1060s remaining
[2026-05-10T18:46:28Z] 😴 Sleeping 60 seconds...
[2026-05-10T18:47:25Z] 🔍 Scanning environments...
[2026-05-10T18:47:25Z] ✅ ENV env-myapp-1778436248 OK — 1003s remaining
[2026-05-10T18:47:25Z] 😴 Sleeping 60 seconds...
[2026-05-10T18:47:28Z] 🔍 Scanning environments...
[2026-05-10T18:47:29Z] ✅ ENV env-myapp-1778436248 OK — 999s remaining
[2026-05-10T18:47:29Z] 😴 Sleeping 60 seconds...
[2026-05-10T18:48:25Z] 🔍 Scanning environments...
[2026-05-10T18:48:26Z] ✅ ENV env-myapp-1778436248 OK — 942s remaining
[2026-05-10T18:48:26Z] 😴 Sleeping 60 seconds...
[2026-05-10T18:48:29Z] 🔍 Scanning environments...
[2026-05-10T18:48:29Z] ✅ ENV env-myapp-1778436248 OK — 939s remaining
[2026-05-10T18:48:29Z] 😴 Sleeping 60 seconds...
[2026-05-10T18:49:26Z] 🔍 Scanning environments...
[2026-05-10T18:49:26Z] ✅ ENV env-myapp-1778436248 OK — 882s remaining
[2026-05-10T18:49:26Z] 😴 Sleeping 60 seconds...
[2026-05-10T18:49:29Z] 🔍 Scanning environments...
[2026-05-10T18:49:29Z] ✅ ENV env-myapp-1778436248 OK — 879s remaining
[2026-05-10T18:49:29Z] 😴 Sleeping 60 seconds...
[2026-05-10T18:50:26Z] 🔍 Scanning environments...
[2026-05-10T18:50:26Z] ✅ ENV env-myapp-1778436248 OK — 822s remaining
[2026-05-10T18:50:26Z] 😴 Sleeping 60 seconds...
[2026-05-10T18:50:29Z] 🔍 Scanning environments...
[2026-05-10T18:50:29Z] ✅ ENV env-myapp-1778436248 OK — 819s remaining
[2026-05-10T18:50:29Z] 😴 Sleeping 60 seconds...
[2026-05-10T18:51:26Z] 🔍 Scanning environments...
[2026-05-10T18:51:26Z] ✅ ENV env-myapp-1778436248 OK — 762s remaining
[2026-05-10T18:51:26Z] 😴 Sleeping 60 seconds...
[2026-05-10T18:51:29Z] 🔍 Scanning environments...
[2026-05-10T18:51:29Z] ✅ ENV env-myapp-1778436248 OK — 759s remaining
[2026-05-10T18:51:29Z] 😴 Sleeping 60 seconds...
[2026-05-10T18:52:26Z] 🔍 Scanning environments...
[2026-05-10T18:52:26Z] ✅ ENV env-myapp-1778436248 OK — 702s remaining
[2026-05-10T18:52:26Z] 😴 Sleeping 60 seconds...
[2026-05-10T18:52:29Z] 🔍 Scanning environments...
[2026-05-10T18:52:29Z] ✅ ENV env-myapp-1778436248 OK — 699s remaining
[2026-05-10T18:52:29Z] 😴 Sleeping 60 seconds...
[2026-05-10T18:53:26Z] 🔍 Scanning environments...
[2026-05-10T18:53:26Z] ✅ ENV env-myapp-1778436248 OK — 642s remaining
[2026-05-10T18:53:26Z] 😴 Sleeping 60 seconds...
[2026-05-10T18:53:29Z] 🔍 Scanning environments...
[2026-05-10T18:53:30Z] ✅ ENV env-myapp-1778436248 OK — 638s remaining
[2026-05-10T18:53:30Z] 😴 Sleeping 60 seconds...
[2026-05-10T18:54:26Z] 🔍 Scanning environments...
[2026-05-10T18:54:27Z] ✅ ENV env-myapp-1778436248 OK — 581s remaining
[2026-05-10T18:54:27Z] 😴 Sleeping 60 seconds...
[2026-05-10T18:54:30Z] 🔍 Scanning environments...
[2026-05-10T18:54:30Z] ✅ ENV env-myapp-1778436248 OK — 578s remaining
[2026-05-10T18:54:30Z] 😴 Sleeping 60 seconds...
[2026-05-10T18:55:27Z] 🔍 Scanning environments...
[2026-05-10T18:55:27Z] ✅ ENV env-myapp-1778436248 OK — 521s remaining
[2026-05-10T18:55:27Z] 😴 Sleeping 60 seconds...
[2026-05-10T18:55:30Z] 🔍 Scanning environments...
[2026-05-10T18:55:30Z] ✅ ENV env-myapp-1778436248 OK — 518s remaining
[2026-05-10T18:55:30Z] 😴 Sleeping 60 seconds...
[2026-05-10T18:56:27Z] 🔍 Scanning environments...
[2026-05-10T18:56:27Z] ✅ ENV env-myapp-1778436248 OK — 461s remaining
[2026-05-10T18:56:27Z] 😴 Sleeping 60 seconds...
[2026-05-10T18:56:30Z] 🔍 Scanning environments...
[2026-05-10T18:56:30Z] ✅ ENV env-myapp-1778436248 OK — 458s remaining
[2026-05-10T18:56:30Z] 😴 Sleeping 60 seconds...
[2026-05-10T19:32:43Z] 🔍 Scanning environments...
[2026-05-10T19:32:43Z] ⏰ ENV env-myapp-1778436248 has expired (TTL: 3600s) — destroying...
[2026-05-10T19:32:46Z] 🔍 Scanning environments...
[2026-05-10T19:32:46Z] ✅ ENV env-myapp-1778436248 destroyed
[2026-05-10T19:32:46Z] 😴 Sleeping 60 seconds...
Traceback (most recent call last):
  File "<string>", line 1, in <module>
FileNotFoundError: [Errno 2] No such file or directory: '/mnt/c/Users/Tosin/OneDrive/Desktop/HNG stage 5/devops-sandbox/envs/env-myapp-1778436248.json'
[2026-05-10T19:33:46Z] 🔍 Scanning environments...
[2026-05-10T19:33:46Z] 📭 No active environments
[2026-05-10T19:33:46Z] 😴 Sleeping 60 seconds...
[2026-05-10T19:34:46Z] 🔍 Scanning environments...
[2026-05-10T19:34:46Z] 📭 No active environments
[2026-05-10T19:34:46Z] 😴 Sleeping 60 seconds...
[2026-05-10T19:35:47Z] 🔍 Scanning environments...
[2026-05-10T19:35:47Z] 📭 No active environments
[2026-05-10T19:35:47Z] 😴 Sleeping 60 seconds...
[2026-05-10T19:36:47Z] 🔍 Scanning environments...
[2026-05-10T19:36:47Z] 📭 No active environments
[2026-05-10T19:36:47Z] 😴 Sleeping 60 seconds...
[2026-05-10T19:37:47Z] 🔍 Scanning environments...
[2026-05-10T19:37:47Z] 📭 No active environments
[2026-05-10T19:37:47Z] 😴 Sleeping 60 seconds...
[2026-05-10T19:38:47Z] 🔍 Scanning environments...
[2026-05-10T19:38:47Z] 📭 No active environments
[2026-05-10T19:38:47Z] 😴 Sleeping 60 seconds...
[2026-05-10T19:39:47Z] 🔍 Scanning environments...
[2026-05-10T19:39:47Z] 📭 No active environments
[2026-05-10T19:39:47Z] 😴 Sleeping 60 seconds...
[2026-05-10T19:40:47Z] 🔍 Scanning environments...
[2026-05-10T19:40:47Z] 📭 No active environments
[2026-05-10T19:40:47Z] 😴 Sleeping 60 seconds...
[2026-05-10T19:41:47Z] 🔍 Scanning environments...
[2026-05-10T19:41:47Z] 📭 No active environments
[2026-05-10T19:41:47Z] 😴 Sleeping 60 seconds...
[2026-05-10T19:42:47Z] 🔍 Scanning environments...
[2026-05-10T19:42:47Z] 📭 No active environments
[2026-05-10T19:42:47Z] 😴 Sleeping 60 seconds...
[2026-05-10T19:43:47Z] 🔍 Scanning environments...
[2026-05-10T19:43:47Z] 📭 No active environments
[2026-05-10T19:43:47Z] 😴 Sleeping 60 seconds...
[2026-05-10T19:44:47Z] 🔍 Scanning environments...
[2026-05-10T19:44:47Z] 📭 No active environments
[2026-05-10T19:44:47Z] 😴 Sleeping 60 seconds...
[2026-05-10T19:45:47Z] 🔍 Scanning environments...
[2026-05-10T19:45:47Z] 📭 No active environments
[2026-05-10T19:45:47Z] 😴 Sleeping 60 seconds...
[2026-05-10T19:46:47Z] 🔍 Scanning environments...
[2026-05-10T19:46:47Z] 📭 No active environments
[2026-05-10T19:46:47Z] 😴 Sleeping 60 seconds...
[2026-05-10T19:47:47Z] 🔍 Scanning environments...
[2026-05-10T19:47:47Z] 📭 No active environments
[2026-05-10T19:47:47Z] 😴 Sleeping 60 seconds...
[2026-05-10T19:48:47Z] 🔍 Scanning environments...
[2026-05-10T19:48:47Z] 📭 No active environments
[2026-05-10T19:48:47Z] 😴 Sleeping 60 seconds...
[2026-05-10T19:49:47Z] 🔍 Scanning environments...
[2026-05-10T19:49:47Z] 📭 No active environments
[2026-05-10T19:49:47Z] 😴 Sleeping 60 seconds...
[2026-05-10T19:50:47Z] 🔍 Scanning environments...
[2026-05-10T19:50:47Z] 📭 No active environments
[2026-05-10T19:50:47Z] 😴 Sleeping 60 seconds...
[2026-05-10T19:51:47Z] 🔍 Scanning environments...
[2026-05-10T19:51:47Z] 📭 No active environments
[2026-05-10T19:51:47Z] 😴 Sleeping 60 seconds...
[2026-05-10T19:52:47Z] 🔍 Scanning environments...
[2026-05-10T19:52:47Z] 📭 No active environments
[2026-05-10T19:52:48Z] 😴 Sleeping 60 seconds...
[2026-05-10T19:53:48Z] 🔍 Scanning environments...
[2026-05-10T19:53:48Z] 📭 No active environments
[2026-05-10T19:53:48Z] 😴 Sleeping 60 seconds...
[2026-05-10T19:54:48Z] 🔍 Scanning environments...
[2026-05-10T19:54:48Z] 📭 No active environments
[2026-05-10T19:54:48Z] 😴 Sleeping 60 seconds...
[2026-05-10T19:55:48Z] 🔍 Scanning environments...
[2026-05-10T19:55:48Z] 📭 No active environments
[2026-05-10T19:55:48Z] 😴 Sleeping 60 seconds...
[2026-05-10T20:01:17Z] 🔍 Scanning environments...
[2026-05-10T20:01:17Z] 📭 No active environments
[2026-05-10T20:01:17Z] 😴 Sleeping 60 seconds...
[2026-05-10T20:02:17Z] 🔍 Scanning environments...
[2026-05-10T20:02:17Z] 📭 No active environments
[2026-05-10T20:02:17Z] 😴 Sleeping 60 seconds...
[2026-05-10T20:03:17Z] 🔍 Scanning environments...
[2026-05-10T20:03:17Z] 📭 No active environments
[2026-05-10T20:03:17Z] 😴 Sleeping 60 seconds...
[2026-05-10T20:04:17Z] 🔍 Scanning environments...
[2026-05-10T20:04:17Z] 📭 No active environments
[2026-05-10T20:04:17Z] 😴 Sleeping 60 seconds...
[2026-05-10T20:05:17Z] 🔍 Scanning environments...
[2026-05-10T20:05:17Z] 📭 No active environments
[2026-05-10T20:05:17Z] 😴 Sleeping 60 seconds...
[2026-05-10T20:06:17Z] 🔍 Scanning environments...
[2026-05-10T20:06:17Z] 📭 No active environments
[2026-05-10T20:06:17Z] 😴 Sleeping 60 seconds...
[2026-05-10T20:07:17Z] 🔍 Scanning environments...
[2026-05-10T20:07:17Z] 📭 No active environments
[2026-05-10T20:07:17Z] 😴 Sleeping 60 seconds...
[2026-05-10T20:08:17Z] 🔍 Scanning environments...
[2026-05-10T20:08:17Z] 📭 No active environments
[2026-05-10T20:08:17Z] 😴 Sleeping 60 seconds...
[2026-05-10T20:09:17Z] 🔍 Scanning environments...
[2026-05-10T20:09:17Z] 📭 No active environments
[2026-05-10T20:09:17Z] 😴 Sleeping 60 seconds...
[2026-05-10T20:10:17Z] 🔍 Scanning environments...
[2026-05-10T20:10:17Z] 📭 No active environments
[2026-05-10T20:10:17Z] 😴 Sleeping 60 seconds...
[2026-05-10T20:11:17Z] 🔍 Scanning environments...
[2026-05-10T20:11:17Z] ✅ ENV env-apitest-1778443875 OK — 598s remaining
[2026-05-10T20:11:17Z] 😴 Sleeping 60 seconds...
[2026-05-10T20:12:17Z] 🔍 Scanning environments...
[2026-05-10T20:12:18Z] ✅ ENV env-apitest-1778443875 OK — 537s remaining
[2026-05-10T20:12:18Z] 😴 Sleeping 60 seconds...
[2026-05-10T20:13:18Z] 🔍 Scanning environments...
[2026-05-10T20:13:18Z] ✅ ENV env-apitest-1778443875 OK — 477s remaining
[2026-05-10T20:13:18Z] 😴 Sleeping 60 seconds...
[2026-05-10T20:14:18Z] 🔍 Scanning environments...
[2026-05-10T20:14:18Z] ✅ ENV env-apitest-1778443875 OK — 417s remaining
[2026-05-10T20:14:18Z] 😴 Sleeping 60 seconds...
[2026-05-10T20:15:18Z] 🔍 Scanning environments...
[2026-05-10T20:15:19Z] ✅ ENV env-apitest-1778443875 OK — 356s remaining
[2026-05-10T20:15:19Z] 😴 Sleeping 60 seconds...
[2026-05-10T20:16:19Z] 🔍 Scanning environments...
[2026-05-10T20:16:19Z] ✅ ENV env-apitest-1778443875 OK — 296s remaining
[2026-05-10T20:16:19Z] 😴 Sleeping 60 seconds...
[2026-05-10T20:17:19Z] 🔍 Scanning environments...
[2026-05-10T20:17:19Z] ✅ ENV env-apitest-1778443875 OK — 236s remaining
[2026-05-10T20:17:19Z] 😴 Sleeping 60 seconds...
[2026-05-10T20:18:19Z] 🔍 Scanning environments...
[2026-05-10T20:18:20Z] ✅ ENV env-apitest-1778443875 OK — 175s remaining
[2026-05-10T20:18:20Z] 😴 Sleeping 60 seconds...
[2026-05-10T20:19:20Z] 🔍 Scanning environments...
[2026-05-10T20:19:20Z] ✅ ENV env-apitest-1778443875 OK — 115s remaining
[2026-05-10T20:19:20Z] 😴 Sleeping 60 seconds...
[2026-05-10T20:20:20Z] 🔍 Scanning environments...
[2026-05-10T20:20:20Z] ✅ ENV env-apitest-1778443875 OK — 55s remaining
[2026-05-10T20:20:20Z] 😴 Sleeping 60 seconds...
[2026-05-10T20:21:20Z] 🔍 Scanning environments...
[2026-05-10T20:21:21Z] ⏰ ENV env-apitest-1778443875 has expired (TTL: 600s) — destroying...
[2026-05-10T20:21:23Z] ✅ ENV env-apitest-1778443875 destroyed
[2026-05-10T20:21:23Z] 😴 Sleeping 60 seconds...
[2026-05-10T20:22:23Z] 🔍 Scanning environments...
[2026-05-10T20:22:23Z] 📭 No active environments
[2026-05-10T20:22:23Z] 😴 Sleeping 60 seconds...
[2026-05-10T20:23:23Z] 🔍 Scanning environments...
[2026-05-10T20:23:23Z] 📭 No active environments
[2026-05-10T20:23:23Z] 😴 Sleeping 60 seconds...
[2026-05-10T20:24:23Z] 🔍 Scanning environments...
[2026-05-10T20:24:23Z] 📭 No active environments
[2026-05-10T20:24:23Z] 😴 Sleeping 60 seconds...
[2026-05-10T20:25:23Z] 🔍 Scanning environments...
[2026-05-10T20:25:23Z] 📭 No active environments
[2026-05-10T20:25:23Z] 😴 Sleeping 60 seconds...
[2026-05-10T20:26:23Z] 🔍 Scanning environments...
[2026-05-10T20:26:23Z] 📭 No active environments
[2026-05-10T20:26:23Z] 😴 Sleeping 60 seconds...
[2026-05-10T20:27:24Z] 🔍 Scanning environments...
[2026-05-10T20:27:24Z] 📭 No active environments
[2026-05-10T20:27:24Z] 😴 Sleeping 60 seconds...
[2026-05-10T20:28:24Z] 🔍 Scanning environments...
[2026-05-10T20:28:24Z] 📭 No active environments
[2026-05-10T20:28:24Z] 😴 Sleeping 60 seconds...
[2026-05-10T20:29:24Z] 🔍 Scanning environments...
[2026-05-10T20:29:24Z] 📭 No active environments
[2026-05-10T20:29:24Z] 😴 Sleeping 60 seconds...
[2026-05-10T20:30:24Z] 🔍 Scanning environments...
[2026-05-10T20:30:24Z] ✅ ENV env-apitest-1778444991 OK — 567s remaining
[2026-05-10T20:30:24Z] 😴 Sleeping 60 seconds...
[2026-05-10T20:31:24Z] 🔍 Scanning environments...
[2026-05-10T20:31:24Z] ✅ ENV env-apitest-1778444991 OK — 507s remaining
[2026-05-10T20:31:24Z] 😴 Sleeping 60 seconds...
[2026-05-10T20:32:24Z] 🔍 Scanning environments...
[2026-05-10T20:32:24Z] 📭 No active environments
[2026-05-10T20:32:24Z] 😴 Sleeping 60 seconds...
[2026-05-10T20:33:24Z] 🔍 Scanning environments...
[2026-05-10T20:33:24Z] 📭 No active environments
[2026-05-10T20:33:24Z] 😴 Sleeping 60 seconds...
[2026-05-10T20:34:24Z] 🔍 Scanning environments...
[2026-05-10T20:34:24Z] 📭 No active environments
[2026-05-10T20:34:24Z] 😴 Sleeping 60 seconds...
